<?xml version="1.0" encoding="UTF-8"?>
<!-- Generated by org.testng.reporters.JUnitReportReporter -->
<testsuite skipped="0" hostname="DESKTOP-RTV0LD5" name="test.Test_1" tests="1" failures="0" timestamp="04 Jan 2021 23:50:13 GMT" time="0.008" errors="0">
  <testcase name="t" time="0.008" classname="test.Test_1"/>
</testsuite> <!-- test.Test_1 -->
